d:\Program Files\Microsoft Visual Studio\2022\Community\MSBuild\Microsoft\VC\v170\Microsoft.CppBuild.targets(500,5): warning MSB8004: El directorio Output no termina con una barra diagonal final. Esta instancia de compilación agregará la barra diagonal porque es necesaria para que se pueda evaluar correctamente el directorio Output.
  PFelBueno.cpp
C:\Users\axel_\Desktop\SEMESTRE22-2\CGIHC\Repositorio\315010372_ProyectoFinal_GPO12\ProyectoFinal\ProyectoFinal\PFelBueno.cpp(460,24): warning C4244: 'inicializando': conversión de 'double' a 'GLfloat'; posible pérdida de datos
C:\Users\axel_\Desktop\SEMESTRE22-2\CGIHC\Repositorio\315010372_ProyectoFinal_GPO12\ProyectoFinal\ProyectoFinal\PFelBueno.cpp(762,23): warning C4244: '=': conversión de 'double' a 'float'; posible pérdida de datos
C:\Users\axel_\Desktop\SEMESTRE22-2\CGIHC\Repositorio\315010372_ProyectoFinal_GPO12\ProyectoFinal\ProyectoFinal\PFelBueno.cpp(920,11): warning C4244: '=': conversión de 'double' a 'GLfloat'; posible pérdida de datos
C:\Users\axel_\Desktop\SEMESTRE22-2\CGIHC\Repositorio\315010372_ProyectoFinal_GPO12\ProyectoFinal\ProyectoFinal\PFelBueno.cpp(921,11): warning C4244: '=': conversión de 'double' a 'GLfloat'; posible pérdida de datos
C:\Users\axel_\Desktop\SEMESTRE22-2\CGIHC\Repositorio\315010372_ProyectoFinal_GPO12\ProyectoFinal\ProyectoFinal\PFelBueno.cpp(925,18): warning C4244: 'inicializando': conversión de 'double' a 'GLfloat'; posible pérdida de datos
C:\Users\axel_\Desktop\SEMESTRE22-2\CGIHC\Repositorio\315010372_ProyectoFinal_GPO12\ProyectoFinal\ProyectoFinal\PFelBueno.cpp(926,18): warning C4244: 'inicializando': conversión de 'double' a 'GLfloat'; posible pérdida de datos
C:\Users\axel_\Desktop\SEMESTRE22-2\CGIHC\Repositorio\315010372_ProyectoFinal_GPO12\ProyectoFinal\ProyectoFinal\PFelBueno.cpp(928,10): warning C4244: '=': conversión de 'double' a 'GLfloat'; posible pérdida de datos
C:\Users\axel_\Desktop\SEMESTRE22-2\CGIHC\Repositorio\315010372_ProyectoFinal_GPO12\ProyectoFinal\ProyectoFinal\PFelBueno.cpp(929,10): warning C4244: '=': conversión de 'double' a 'GLfloat'; posible pérdida de datos
C:\Users\axel_\Desktop\SEMESTRE22-2\CGIHC\Repositorio\315010372_ProyectoFinal_GPO12\ProyectoFinal\ProyectoFinal\PFelBueno.cpp(1061,13): warning C4305: '+=': truncamiento de 'double' a 'float'
C:\Users\axel_\Desktop\SEMESTRE22-2\CGIHC\Repositorio\315010372_ProyectoFinal_GPO12\ProyectoFinal\ProyectoFinal\PFelBueno.cpp(1066,13): warning C4305: '-=': truncamiento de 'double' a 'float'
C:\Users\axel_\Desktop\SEMESTRE22-2\CGIHC\Repositorio\315010372_ProyectoFinal_GPO12\ProyectoFinal\ProyectoFinal\PFelBueno.cpp(1071,13): warning C4305: '-=': truncamiento de 'double' a 'float'
C:\Users\axel_\Desktop\SEMESTRE22-2\CGIHC\Repositorio\315010372_ProyectoFinal_GPO12\ProyectoFinal\ProyectoFinal\PFelBueno.cpp(1076,13): warning C4305: '+=': truncamiento de 'double' a 'float'
C:\Users\axel_\Desktop\SEMESTRE22-2\CGIHC\Repositorio\315010372_ProyectoFinal_GPO12\ProyectoFinal\ProyectoFinal\PFelBueno.cpp(1080,13): warning C4305: '+=': truncamiento de 'double' a 'float'
C:\Users\axel_\Desktop\SEMESTRE22-2\CGIHC\Repositorio\315010372_ProyectoFinal_GPO12\ProyectoFinal\ProyectoFinal\PFelBueno.cpp(1084,13): warning C4305: '-=': truncamiento de 'double' a 'float'
soil2-debug.lib(SOIL2.obj) : warning LNK4075: se omite '/EDITANDCONTINUE' debido a la especificación '/OPT:ICF'
LINK : warning LNK4098: la biblioteca predeterminada'MSVCRTD' entra en conflicto con otras bibliotecas; use la biblioteca /NODEFAULTLIB:biblioteca
  Generando código
  Previous IPDB not found, fall back to full compilation.
  All 689 functions were compiled because no usable IPDB/IOBJ from previous compilation was found.
  Generación de código finalizada
soil2-debug.lib(etc1_utils.obj) : warning LNK4099: no se encontró PDB 'soil2-debug.pdb' con 'soil2-debug.lib(etc1_utils.obj)' o en 'C:\Users\axel_\Desktop\SEMESTRE22-2\CGIHC\Repositorio\315010372_ProyectoFinal_GPO12\soil2-debug.pdb'; se vinculará el objeto sin tener en cuenta información de depuración
soil2-debug.lib(image_DXT.obj) : warning LNK4099: no se encontró PDB 'soil2-debug.pdb' con 'soil2-debug.lib(image_DXT.obj)' o en 'C:\Users\axel_\Desktop\SEMESTRE22-2\CGIHC\Repositorio\315010372_ProyectoFinal_GPO12\soil2-debug.pdb'; se vinculará el objeto sin tener en cuenta información de depuración
soil2-debug.lib(image_helper.obj) : warning LNK4099: no se encontró PDB 'soil2-debug.pdb' con 'soil2-debug.lib(image_helper.obj)' o en 'C:\Users\axel_\Desktop\SEMESTRE22-2\CGIHC\Repositorio\315010372_ProyectoFinal_GPO12\soil2-debug.pdb'; se vinculará el objeto sin tener en cuenta información de depuración
soil2-debug.lib(SOIL2.obj) : warning LNK4099: no se encontró PDB '' con 'soil2-debug.lib(SOIL2.obj)' o en ''; se vinculará el objeto sin tener en cuenta información de depuración
  ProyectoFinal.vcxproj -> C:\Users\axel_\Desktop\SEMESTRE22-2\CGIHC\Repositorio\315010372_ProyectoFinal_GPO12\ProyectoFinal.exe
