d:\Program Files\Microsoft Visual Studio\2022\Community\MSBuild\Microsoft\VC\v170\Microsoft.CppBuild.targets(500,5): warning MSB8004: El directorio Output no termina con una barra diagonal final. Esta instancia de compilación agregará la barra diagonal porque es necesaria para que se pueda evaluar correctamente el directorio Output.
  PFelBueno.cpp
C:\Users\axel_\Desktop\SEMESTRE22-2\CGIHC\Repositorio\315010372_ProyectoFinal_GPO12\ProyectoFinal\ProyectoFinal\modelAnim.h(104,44): warning C4244: '=': conversión de 'double' a 'float'; posible pérdida de datos
C:\Users\axel_\Desktop\SEMESTRE22-2\CGIHC\Repositorio\315010372_ProyectoFinal_GPO12\ProyectoFinal\ProyectoFinal\modelAnim.h(519,24): warning C4244: 'inicializando': conversión de 'double' a 'float'; posible pérdida de datos
C:\Users\axel_\Desktop\SEMESTRE22-2\CGIHC\Repositorio\315010372_ProyectoFinal_GPO12\ProyectoFinal\ProyectoFinal\PFelBueno.cpp(465,24): warning C4244: 'inicializando': conversión de 'double' a 'GLfloat'; posible pérdida de datos
C:\Users\axel_\Desktop\SEMESTRE22-2\CGIHC\Repositorio\315010372_ProyectoFinal_GPO12\ProyectoFinal\ProyectoFinal\PFelBueno.cpp(767,23): warning C4244: '=': conversión de 'double' a 'float'; posible pérdida de datos
C:\Users\axel_\Desktop\SEMESTRE22-2\CGIHC\Repositorio\315010372_ProyectoFinal_GPO12\ProyectoFinal\ProyectoFinal\PFelBueno.cpp(954,11): warning C4244: '=': conversión de 'double' a 'GLfloat'; posible pérdida de datos
C:\Users\axel_\Desktop\SEMESTRE22-2\CGIHC\Repositorio\315010372_ProyectoFinal_GPO12\ProyectoFinal\ProyectoFinal\PFelBueno.cpp(955,11): warning C4244: '=': conversión de 'double' a 'GLfloat'; posible pérdida de datos
C:\Users\axel_\Desktop\SEMESTRE22-2\CGIHC\Repositorio\315010372_ProyectoFinal_GPO12\ProyectoFinal\ProyectoFinal\PFelBueno.cpp(959,18): warning C4244: 'inicializando': conversión de 'double' a 'GLfloat'; posible pérdida de datos
C:\Users\axel_\Desktop\SEMESTRE22-2\CGIHC\Repositorio\315010372_ProyectoFinal_GPO12\ProyectoFinal\ProyectoFinal\PFelBueno.cpp(960,18): warning C4244: 'inicializando': conversión de 'double' a 'GLfloat'; posible pérdida de datos
C:\Users\axel_\Desktop\SEMESTRE22-2\CGIHC\Repositorio\315010372_ProyectoFinal_GPO12\ProyectoFinal\ProyectoFinal\PFelBueno.cpp(962,10): warning C4244: '=': conversión de 'double' a 'GLfloat'; posible pérdida de datos
C:\Users\axel_\Desktop\SEMESTRE22-2\CGIHC\Repositorio\315010372_ProyectoFinal_GPO12\ProyectoFinal\ProyectoFinal\PFelBueno.cpp(963,10): warning C4244: '=': conversión de 'double' a 'GLfloat'; posible pérdida de datos
C:\Users\axel_\Desktop\SEMESTRE22-2\CGIHC\Repositorio\315010372_ProyectoFinal_GPO12\ProyectoFinal\ProyectoFinal\PFelBueno.cpp(1095,13): warning C4305: '+=': truncamiento de 'double' a 'float'
C:\Users\axel_\Desktop\SEMESTRE22-2\CGIHC\Repositorio\315010372_ProyectoFinal_GPO12\ProyectoFinal\ProyectoFinal\PFelBueno.cpp(1100,13): warning C4305: '-=': truncamiento de 'double' a 'float'
C:\Users\axel_\Desktop\SEMESTRE22-2\CGIHC\Repositorio\315010372_ProyectoFinal_GPO12\ProyectoFinal\ProyectoFinal\PFelBueno.cpp(1105,13): warning C4305: '-=': truncamiento de 'double' a 'float'
C:\Users\axel_\Desktop\SEMESTRE22-2\CGIHC\Repositorio\315010372_ProyectoFinal_GPO12\ProyectoFinal\ProyectoFinal\PFelBueno.cpp(1110,13): warning C4305: '+=': truncamiento de 'double' a 'float'
C:\Users\axel_\Desktop\SEMESTRE22-2\CGIHC\Repositorio\315010372_ProyectoFinal_GPO12\ProyectoFinal\ProyectoFinal\PFelBueno.cpp(1114,13): warning C4305: '+=': truncamiento de 'double' a 'float'
C:\Users\axel_\Desktop\SEMESTRE22-2\CGIHC\Repositorio\315010372_ProyectoFinal_GPO12\ProyectoFinal\ProyectoFinal\PFelBueno.cpp(1118,13): warning C4305: '-=': truncamiento de 'double' a 'float'
LINK : warning LNK4098: la biblioteca predeterminada'MSVCRT' entra en conflicto con otras bibliotecas; use la biblioteca /NODEFAULTLIB:biblioteca
soil2-debug.lib(etc1_utils.obj) : warning LNK4099: no se encontró PDB 'soil2-debug.pdb' con 'soil2-debug.lib(etc1_utils.obj)' o en 'C:\Users\axel_\Desktop\SEMESTRE22-2\CGIHC\Repositorio\315010372_ProyectoFinal_GPO12\soil2-debug.pdb'; se vinculará el objeto sin tener en cuenta información de depuración
soil2-debug.lib(image_DXT.obj) : warning LNK4099: no se encontró PDB 'soil2-debug.pdb' con 'soil2-debug.lib(image_DXT.obj)' o en 'C:\Users\axel_\Desktop\SEMESTRE22-2\CGIHC\Repositorio\315010372_ProyectoFinal_GPO12\soil2-debug.pdb'; se vinculará el objeto sin tener en cuenta información de depuración
soil2-debug.lib(image_helper.obj) : warning LNK4099: no se encontró PDB 'soil2-debug.pdb' con 'soil2-debug.lib(image_helper.obj)' o en 'C:\Users\axel_\Desktop\SEMESTRE22-2\CGIHC\Repositorio\315010372_ProyectoFinal_GPO12\soil2-debug.pdb'; se vinculará el objeto sin tener en cuenta información de depuración
soil2-debug.lib(SOIL2.obj) : warning LNK4099: no se encontró PDB 'soil2-debug.pdb' con 'soil2-debug.lib(SOIL2.obj)' o en 'C:\Users\axel_\Desktop\SEMESTRE22-2\CGIHC\Repositorio\315010372_ProyectoFinal_GPO12\soil2-debug.pdb'; se vinculará el objeto sin tener en cuenta información de depuración
  ProyectoFinal.vcxproj -> C:\Users\axel_\Desktop\SEMESTRE22-2\CGIHC\Repositorio\315010372_ProyectoFinal_GPO12\ProyectoFinal.exe
